<?xml version="1.0" encoding="UTF-8"?>
<!-- Generated by org.testng.reporters.JUnitReportReporter -->
<testsuite hostname="DESKTOP-FGS4TB6" name="com.RMG.WithBDD.CreateProjectUsingJSONFile" tests="1" failures="0" timestamp="28 Oct 2021 07:05:26 GMT" time="3.651" errors="0">
  <testcase name="createProjectUsingFile" time="3.651" classname="com.RMG.WithBDD.CreateProjectUsingJSONFile"/>
</testsuite> <!-- com.RMG.WithBDD.CreateProjectUsingJSONFile -->
