<?xml version="1.0" encoding="UTF-8"?>
<!-- Generated by org.testng.reporters.JUnitReportReporter -->
<testsuite hostname="DESKTOP-FGS4TB6" name="SDET21.ParametersandAuthentication.QueryParameters" tests="1" failures="0" timestamp="29 Oct 2021 07:18:56 GMT" time="5.594" errors="0">
  <testcase name="queryParameter" time="5.594" classname="SDET21.ParametersandAuthentication.QueryParameters"/>
</testsuite> <!-- SDET21.ParametersandAuthentication.QueryParameters -->
