<?xml version="1.0" encoding="UTF-8"?>
<!-- Generated by org.testng.reporters.JUnitReportReporter -->
<testsuite hostname="DESKTOP-FGS4TB6" name="com.RMG.WithBDD.DeleteProjectUsingBDD" tests="1" failures="0" timestamp="28 Oct 2021 05:53:08 GMT" time="3.697" errors="0">
  <testcase name="deleteProjectUsingBDD" time="3.697" classname="com.RMG.WithBDD.DeleteProjectUsingBDD"/>
</testsuite> <!-- com.RMG.WithBDD.DeleteProjectUsingBDD -->
