<?xml version="1.0" encoding="UTF-8"?>
<!-- Generated by org.testng.reporters.JUnitReportReporter -->
<testsuite hostname="DESKTOP-FGS4TB6" name="SDET21.ParametersandAuthentication.RequestChainingGet" tests="1" failures="0" timestamp="30 Oct 2021 13:42:20 GMT" time="8.909" errors="0">
  <testcase name="requestChainingGet" time="8.909" classname="SDET21.ParametersandAuthentication.RequestChainingGet"/>
</testsuite> <!-- SDET21.ParametersandAuthentication.RequestChainingGet -->
