<?xml version="1.0" encoding="UTF-8"?>
<!-- Generated by org.testng.reporters.JUnitReportReporter -->
<testsuite hostname="DESKTOP-FGS4TB6" name="com.RMG.WithBDD.GetAllProjectsUsingBDD" tests="1" failures="0" timestamp="27 Oct 2021 18:20:31 GMT" time="3.528" errors="0">
  <testcase name="getAllProjectsUsingBDD" time="3.528" classname="com.RMG.WithBDD.GetAllProjectsUsingBDD"/>
</testsuite> <!-- com.RMG.WithBDD.GetAllProjectsUsingBDD -->
