<?xml version="1.0" encoding="UTF-8"?>
<!-- Generated by org.testng.reporters.JUnitReportReporter -->
<testsuite hostname="DESKTOP-FGS4TB6" name="com.RMG.WithBDD.CreateProjectUsingHashMap" tests="1" failures="0" timestamp="28 Oct 2021 06:16:56 GMT" time="4.872" errors="0">
  <testcase name="createProjectUsingHashMap" time="4.872" classname="com.RMG.WithBDD.CreateProjectUsingHashMap"/>
</testsuite> <!-- com.RMG.WithBDD.CreateProjectUsingHashMap -->
