<?xml version="1.0" encoding="UTF-8"?>
<!-- Generated by org.testng.reporters.JUnitReportReporter -->
<testsuite hostname="DESKTOP-FGS4TB6" name="com.RMG.WithBDD.CreateProjectUsingPOJO" tests="1" failures="0" timestamp="30 Oct 2021 07:11:58 GMT" time="8.784" errors="0">
  <testcase name="createProjectUsingPOJO" time="8.784" classname="com.RMG.WithBDD.CreateProjectUsingPOJO"/>
</testsuite> <!-- com.RMG.WithBDD.CreateProjectUsingPOJO -->
