<?xml version="1.0" encoding="UTF-8"?>
<!-- Generated by org.testng.reporters.JUnitReportReporter -->
<testsuite hostname="DESKTOP-FGS4TB6" name="com.RMG.WithBDD.CreateProjectUsingBDD" tests="1" failures="0" timestamp="27 Oct 2021 18:17:07 GMT" time="4.673" errors="0">
  <testcase name="CreateProjectsUsingBDD" time="4.673" classname="com.RMG.WithBDD.CreateProjectUsingBDD"/>
</testsuite> <!-- com.RMG.WithBDD.CreateProjectUsingBDD -->
