<?xml version="1.0" encoding="UTF-8"?>
<!-- Generated by org.testng.reporters.JUnitReportReporter -->
<testsuite hostname="DESKTOP-FGS4TB6" name="com.RMG.WithoutBDD.DeleteProject" tests="1" failures="0" timestamp="27 Oct 2021 17:52:13 GMT" time="4.453" errors="0">
  <testcase name="deleteProject" time="4.453" classname="com.RMG.WithoutBDD.DeleteProject"/>
</testsuite> <!-- com.RMG.WithoutBDD.DeleteProject -->
