<?xml version="1.0" encoding="UTF-8"?>
<!-- Generated by org.testng.reporters.JUnitReportReporter -->
<testsuite hostname="DESKTOP-FGS4TB6" name="com.RMG.WithoutBDD.CreateResource" tests="1" failures="0" timestamp="27 Oct 2021 11:26:50 GMT" time="4.977" errors="0">
  <testcase name="create" time="4.977" classname="com.RMG.WithoutBDD.CreateResource"/>
</testsuite> <!-- com.RMG.WithoutBDD.CreateResource -->
