<?xml version="1.0" encoding="UTF-8"?>
<!-- Generated by org.testng.reporters.JUnitReportReporter -->
<testsuite hostname="DESKTOP-FGS4TB6" name="com.RMG.WithoutBDD.GetAllTheResources" tests="1" failures="0" timestamp="27 Oct 2021 11:04:58 GMT" time="4.156" errors="0">
  <testcase name="getAllData" time="4.156" classname="com.RMG.WithoutBDD.GetAllTheResources"/>
</testsuite> <!-- com.RMG.WithoutBDD.GetAllTheResources -->
