<?xml version="1.0" encoding="UTF-8"?>
<!-- Generated by org.testng.reporters.JUnitReportReporter -->
<testsuite hostname="DESKTOP-FGS4TB6" name="SDET21.ParametersandAuthentication.pathParameter" tests="1" failures="0" timestamp="29 Oct 2021 07:18:07 GMT" time="3.664" errors="0">
  <testcase name="pathParameter" time="3.664" classname="SDET21.ParametersandAuthentication.pathParameter"/>
</testsuite> <!-- SDET21.ParametersandAuthentication.pathParameter -->
