<?xml version="1.0" encoding="UTF-8"?>
<!-- Generated by org.testng.reporters.JUnitReportReporter -->
<testsuite hostname="DESKTOP-FGS4TB6" name="SDET21.ParametersandAuthentication.BasicAuth" tests="1" failures="0" timestamp="30 Oct 2021 07:12:44 GMT" time="5.460" errors="0">
  <testcase name="basicauth" time="5.460" classname="SDET21.ParametersandAuthentication.BasicAuth"/>
</testsuite> <!-- SDET21.ParametersandAuthentication.BasicAuth -->
