<?xml version="1.0" encoding="UTF-8"?>
<!-- Generated by org.testng.reporters.JUnitReportReporter -->
<testsuite hostname="DESKTOP-FGS4TB6" name="SDET21.Complex.ResponseValidation.DynamicResponse" tests="1" failures="0" timestamp="29 Oct 2021 07:26:01 GMT" time="4.333" errors="0">
  <testcase name="dynamicresponse" time="4.333" classname="SDET21.Complex.ResponseValidation.DynamicResponse"/>
</testsuite> <!-- SDET21.Complex.ResponseValidation.DynamicResponse -->
