<?xml version="1.0" encoding="UTF-8"?>
<!-- Generated by org.testng.reporters.JUnitReportReporter -->
<testsuite hostname="DESKTOP-FGS4TB6" name="SDET21.ParametersandAuthentication.BearerToken" tests="1" failures="0" timestamp="30 Oct 2021 08:49:02 GMT" time="6.674" errors="0">
  <testcase name="bearerToken" time="6.674" classname="SDET21.ParametersandAuthentication.BearerToken"/>
</testsuite> <!-- SDET21.ParametersandAuthentication.BearerToken -->
