<?xml version="1.0" encoding="UTF-8"?>
<!-- Generated by org.testng.reporters.JUnitReportReporter -->
<testsuite hostname="DESKTOP-FGS4TB6" name="EndToEndRMGY.CreateProjectAndVerifyInDB" tests="1" failures="0" timestamp="30 Oct 2021 14:45:55 GMT" time="7.177" errors="0">
  <testcase name="createProjectAndVerifyInDB" time="7.177" classname="EndToEndRMGY.CreateProjectAndVerifyInDB"/>
</testsuite> <!-- EndToEndRMGY.CreateProjectAndVerifyInDB -->
