<?xml version="1.0" encoding="UTF-8"?>
<!-- Generated by org.testng.reporters.JUnitReportReporter -->
<testsuite hostname="DESKTOP-FGS4TB6" name="com.RMG.WithoutBDD.UpdateProject" tests="1" failures="0" timestamp="27 Oct 2021 18:05:47 GMT" time="7.578" errors="0">
  <testcase name="updateProject" time="7.578" classname="com.RMG.WithoutBDD.UpdateProject"/>
</testsuite> <!-- com.RMG.WithoutBDD.UpdateProject -->
