<?xml version="1.0" encoding="UTF-8"?>
<!-- Generated by org.testng.reporters.JUnitReportReporter -->
<testsuite hostname="DESKTOP-FGS4TB6" name="SDET21.ParametersandAuthentication.Oauth2Authentication" tests="1" failures="0" timestamp="30 Oct 2021 08:43:17 GMT" time="5.169" errors="0">
  <testcase name="Oauth" time="5.169" classname="SDET21.ParametersandAuthentication.Oauth2Authentication"/>
</testsuite> <!-- SDET21.ParametersandAuthentication.Oauth2Authentication -->
